<?xml version="1.0" encoding="UTF-8"?>
<!-- Generated by org.testng.reporters.JUnitXMLReporter -->
<testsuite hostname="PragManilas-MacBook.local" name="Regression2" tests="4" failures="0" timestamp="8 Apr 2016 12:14:14 GMT" time="70.548" errors="0">
  <testcase name="testLocationSwitcher" time="8.685" classname="com.angloinfo.testsuites.TestSuiteA"/>
  <testcase name="testRegisterUserViaApi" time="10.871" classname="com.angloinfo.testsuites.TestSuiteA"/>
  <testcase name="testResetPasswordMailRecieved" time="21.161" classname="com.angloinfo.testsuites.TestSuiteA"/>
  <testcase name="testSignInViaEmail" time="17.475" classname="com.angloinfo.testsuites.TestSuiteA"/>
</testsuite> <!-- Regression2 -->
