<?xml version="1.0" encoding="UTF-8"?>
<testng-results skipped="0" failed="1" total="3" passed="2">
  <reporter-output>
    <line>
      <![CDATA[succesfull login]]>
    </line>
  </reporter-output>
  <suite name="AutoTestSuite1" duration-ms="51672" started-at="2016-03-08T17:46:16Z" finished-at="2016-03-08T17:47:08Z">
    <groups>
    </groups>
    <test name="Regression1" duration-ms="51672" started-at="2016-03-08T17:46:16Z" finished-at="2016-03-08T17:47:08Z">
      <class name="com.angloinfo.testcases.ApiAddDirectory">
        <test-method status="PASS" signature="BeforeTest(java.lang.String)[pri:0, instance:com.angloinfo.testcases.ApiAddDirectory@6fffcba5]" name="BeforeTest" is-config="true" duration-ms="6583" started-at="2016-03-09T01:46:16Z" finished-at="2016-03-09T01:46:23Z">
          <params>
            <param index="0">
              <value>
                <![CDATA[stg]]>
              </value>
            </param>
          </params>
          <reporter-output>
          </reporter-output>
        </test-method> <!-- BeforeTest -->
        <test-method status="PASS" signature="BeforeTest(java.lang.String)[pri:0, instance:com.angloinfo.testcases.ApiRegister@34340fab]" name="BeforeTest" is-config="true" duration-ms="2049" started-at="2016-03-09T01:46:23Z" finished-at="2016-03-09T01:46:25Z">
          <params>
            <param index="0">
              <value>
                <![CDATA[stg]]>
              </value>
            </param>
          </params>
          <reporter-output>
          </reporter-output>
        </test-method> <!-- BeforeTest -->
        <test-method status="PASS" signature="beforeTest(java.lang.String)[pri:0, instance:com.angloinfo.testcases.WebSignIn@2aafb23c]" name="beforeTest" is-config="true" duration-ms="11407" started-at="2016-03-09T01:46:25Z" finished-at="2016-03-09T01:46:36Z">
          <params>
            <param index="0">
              <value>
                <![CDATA[stg]]>
              </value>
            </param>
          </params>
          <reporter-output>
          </reporter-output>
        </test-method> <!-- beforeTest -->
        <test-method status="FAIL" signature="addDirectory(com.angloinfo.data.DirectoryListing)[pri:0, instance:com.angloinfo.testcases.ApiAddDirectory@6fffcba5]" name="addDirectory" duration-ms="1813" started-at="2016-03-09T01:46:36Z" data-provider="dp2" finished-at="2016-03-09T01:46:38Z">
          <params>
            <param index="0">
              <value>
                <![CDATA[com.angloinfo.data.DirectoryListing@3c7cfcbb]]>
              </value>
            </param>
          </params>
          <exception class="java.lang.AssertionError">
            <message>
              <![CDATA[1 expectation failed.
Expected status code <200> doesn't match actual status code <404>.
]]>
            </message>
            <full-stacktrace>
              <![CDATA[java.lang.AssertionError: 1 expectation failed.
Expected status code <200> doesn't match actual status code <404>.

	at sun.reflect.NativeConstructorAccessorImpl.newInstance0(Native Method)
	at sun.reflect.NativeConstructorAccessorImpl.newInstance(NativeConstructorAccessorImpl.java:62)
	at sun.reflect.DelegatingConstructorAccessorImpl.newInstance(DelegatingConstructorAccessorImpl.java:45)
	at java.lang.reflect.Constructor.newInstance(Constructor.java:422)
	at org.codehaus.groovy.reflection.CachedConstructor.invoke(CachedConstructor.java:80)
	at org.codehaus.groovy.reflection.CachedConstructor.doConstructorInvoke(CachedConstructor.java:74)
	at org.codehaus.groovy.runtime.callsite.ConstructorSite$ConstructorSiteNoUnwrap.callConstructor(ConstructorSite.java:84)
	at org.codehaus.groovy.runtime.callsite.CallSiteArray.defaultCallConstructor(CallSiteArray.java:60)
	at org.codehaus.groovy.runtime.callsite.AbstractCallSite.callConstructor(AbstractCallSite.java:235)
	at org.codehaus.groovy.runtime.callsite.AbstractCallSite.callConstructor(AbstractCallSite.java:247)
	at com.jayway.restassured.internal.ResponseSpecificationImpl$HamcrestAssertionClosure.validate(ResponseSpecificationImpl.groovy:598)
	at com.jayway.restassured.internal.ResponseSpecificationImpl$HamcrestAssertionClosure$validate$1.call(Unknown Source)
	at com.jayway.restassured.internal.ResponseSpecificationImpl.validateResponseIfRequired(ResponseSpecificationImpl.groovy:760)
	at sun.reflect.NativeMethodAccessorImpl.invoke0(Native Method)
	at sun.reflect.NativeMethodAccessorImpl.invoke(NativeMethodAccessorImpl.java:62)
	at sun.reflect.DelegatingMethodAccessorImpl.invoke(DelegatingMethodAccessorImpl.java:43)
	at java.lang.reflect.Method.invoke(Method.java:497)
	at org.codehaus.groovy.runtime.callsite.PogoMetaMethodSite$PogoCachedMethodSiteNoUnwrapNoCoerce.invoke(PogoMetaMethodSite.java:210)
	at org.codehaus.groovy.runtime.callsite.PogoMetaMethodSite.callCurrent(PogoMetaMethodSite.java:59)
	at org.codehaus.groovy.runtime.callsite.AbstractCallSite.callCurrent(AbstractCallSite.java:166)
	at com.jayway.restassured.internal.ResponseSpecificationImpl.statusCode(ResponseSpecificationImpl.groovy:120)
	at com.jayway.restassured.specification.ResponseSpecification$statusCode$0.callCurrent(Unknown Source)
	at com.jayway.restassured.internal.ResponseSpecificationImpl.statusCode(ResponseSpecificationImpl.groovy:128)
	at com.jayway.restassured.internal.ValidatableResponseOptionsImpl.statusCode(ValidatableResponseOptionsImpl.java:117)
	at com.angloinfo.testcases.ApiAddDirectory.addDirectory(ApiAddDirectory.java:42)
	at sun.reflect.NativeMethodAccessorImpl.invoke0(Native Method)
	at sun.reflect.NativeMethodAccessorImpl.invoke(NativeMethodAccessorImpl.java:62)
	at sun.reflect.DelegatingMethodAccessorImpl.invoke(DelegatingMethodAccessorImpl.java:43)
	at java.lang.reflect.Method.invoke(Method.java:497)
	at org.testng.internal.MethodInvocationHelper.invokeMethod(MethodInvocationHelper.java:86)
	at org.testng.internal.Invoker.invokeMethod(Invoker.java:645)
	at org.testng.internal.Invoker.invokeTestMethod(Invoker.java:822)
	at org.testng.internal.Invoker.invokeTestMethods(Invoker.java:1130)
	at org.testng.internal.TestMethodWorker.invokeTestMethods(TestMethodWorker.java:129)
	at org.testng.internal.TestMethodWorker.run(TestMethodWorker.java:112)
	at org.testng.TestRunner.privateRun(TestRunner.java:782)
	at org.testng.TestRunner.run(TestRunner.java:632)
	at org.testng.SuiteRunner.runTest(SuiteRunner.java:366)
	at org.testng.SuiteRunner.runSequentially(SuiteRunner.java:361)
	at org.testng.SuiteRunner.privateRun(SuiteRunner.java:319)
	at org.testng.SuiteRunner.run(SuiteRunner.java:268)
	at org.testng.SuiteRunnerWorker.runSuite(SuiteRunnerWorker.java:52)
	at org.testng.SuiteRunnerWorker.run(SuiteRunnerWorker.java:86)
	at org.testng.TestNG.runSuitesSequentially(TestNG.java:1244)
	at org.testng.TestNG.runSuitesLocally(TestNG.java:1169)
	at org.testng.TestNG.run(TestNG.java:1064)
	at org.testng.remote.RemoteTestNG.run(RemoteTestNG.java:113)
	at org.testng.remote.RemoteTestNG.initAndRun(RemoteTestNG.java:206)
	at org.testng.remote.RemoteTestNG.main(RemoteTestNG.java:177)
]]>
            </full-stacktrace>
          </exception> <!-- java.lang.AssertionError -->
          <reporter-output>
          </reporter-output>
        </test-method> <!-- addDirectory -->
      </class> <!-- com.angloinfo.testcases.ApiAddDirectory -->
      <class name="com.angloinfo.testcases.ApiRegister">
        <test-method status="PASS" signature="registerUserViaApi(com.angloinfo.data.Member)[pri:0, instance:com.angloinfo.testcases.ApiRegister@34340fab]" name="registerUserViaApi" duration-ms="3565" started-at="2016-03-09T01:46:38Z" data-provider="dp" finished-at="2016-03-09T01:46:41Z">
          <params>
            <param index="0">
              <value>
                <![CDATA[com.angloinfo.data.Member@12f8b1d8]]>
              </value>
            </param>
          </params>
          <reporter-output>
          </reporter-output>
        </test-method> <!-- registerUserViaApi -->
      </class> <!-- com.angloinfo.testcases.ApiRegister -->
      <class name="com.angloinfo.testcases.WebSignIn">
        <test-method status="PASS" signature="signInViaEmail()[pri:0, instance:com.angloinfo.testcases.WebSignIn@2aafb23c]" name="signInViaEmail" duration-ms="26154" started-at="2016-03-09T01:46:41Z" finished-at="2016-03-09T01:47:08Z">
          <reporter-output>
            <line>
              <![CDATA[succesfull login]]>
            </line>
          </reporter-output>
        </test-method> <!-- signInViaEmail -->
      </class> <!-- com.angloinfo.testcases.WebSignIn -->
    </test> <!-- Regression1 -->
  </suite> <!-- AutoTestSuite1 -->
</testng-results>
