<?xml version="1.0" encoding="UTF-8"?>
<!-- Generated by org.testng.reporters.JUnitXMLReporter -->
<testsuite hostname="PragManilas-MacBook.local" name="Default test" tests="1" failures="0" timestamp="1 Apr 2016 06:49:43 GMT" time="0.226" errors="0">
  <testcase name="@BeforeTest beforeTest" time="0.0" classname="com.angloinfo.testsuites.TestSuiteA">
    <failure type="org.testng.TestNGException" message="
Parameter &amp;apos;environment&amp;apos; is required by @Configuration on method beforeTest but has not been marked @Optional or defined
in /private/var/folders/4f/6wbw2fxn1f76by0sq6zjrs3c0000gp/T/testng-eclipse--1041734478/testng-customsuite.xml">
      <![CDATA[org.testng.TestNGException: 
Parameter 'environment' is required by @Configuration on method beforeTest but has not been marked @Optional or defined
in /private/var/folders/4f/6wbw2fxn1f76by0sq6zjrs3c0000gp/T/testng-eclipse--1041734478/testng-customsuite.xml
	at org.testng.internal.Parameters.createParameters(Parameters.java:154)
	at org.testng.internal.Parameters.createParameters(Parameters.java:361)
	at org.testng.internal.Parameters.createConfigurationParameters(Parameters.java:84)
	at org.testng.internal.Invoker.invokeConfigurations(Invoker.java:201)
	at org.testng.internal.Invoker.invokeConfigurations(Invoker.java:142)
	at org.testng.TestRunner.beforeRun(TestRunner.java:656)
	at org.testng.TestRunner.run(TestRunner.java:624)
	at org.testng.SuiteRunner.runTest(SuiteRunner.java:366)
	at org.testng.SuiteRunner.runSequentially(SuiteRunner.java:361)
	at org.testng.SuiteRunner.privateRun(SuiteRunner.java:319)
	at org.testng.SuiteRunner.run(SuiteRunner.java:268)
	at org.testng.SuiteRunnerWorker.runSuite(SuiteRunnerWorker.java:52)
	at org.testng.SuiteRunnerWorker.run(SuiteRunnerWorker.java:86)
	at org.testng.TestNG.runSuitesSequentially(TestNG.java:1244)
	at org.testng.TestNG.runSuitesLocally(TestNG.java:1169)
	at org.testng.TestNG.run(TestNG.java:1064)
	at org.testng.remote.RemoteTestNG.run(RemoteTestNG.java:113)
	at org.testng.remote.RemoteTestNG.initAndRun(RemoteTestNG.java:206)
	at org.testng.remote.RemoteTestNG.main(RemoteTestNG.java:177)
]]>
    </failure>
  </testcase> <!-- @BeforeTest beforeTest -->
  <testcase name="@AfterTest afterTest" time="0.0" classname="com.angloinfo.testsuites.TestSuiteA">
    <skipped/>
  </testcase> <!-- @AfterTest afterTest -->
  <testcase name="testResetPasswordMailRecieved" time="0.008" classname="com.angloinfo.testsuites.TestSuiteA">
    <skipped/>
  </testcase> <!-- testResetPasswordMailRecieved -->
</testsuite> <!-- Default test -->
